<?xml version="1.0" encoding="UTF-8"?>
<!-- Generated by org.testng.reporters.JUnitReportReporter -->
<testsuite skipped="0" hostname="LAPTOP-384VAQ1D" name="test.com.DataDrivenTest" tests="3" failures="0" timestamp="08 Feb 2021 16:25:15 GMT" time="28.966" errors="1">
  <testcase name="bmicalculator" time="8.283" classname="test.com.DataDrivenTest">
    <error type="org.openqa.selenium.SessionNotCreatedException" message="session not created
from disconnected: received Inspector.detached event
  (Session info: chrome=88.0.4324.146)
Build info: version: &#039;3.141.59&#039;, revision: &#039;e82be7d358&#039;, time: &#039;2018-11-14T08:17:03&#039;
System info: host: &#039;LAPTOP-384VAQ1D&#039;, ip: &#039;192.168.56.1&#039;, os.name: &#039;Windows 10&#039;, os.arch: &#039;amd64&#039;, os.version: &#039;10.0&#039;, java.version: &#039;1.8.0_271&#039;
Driver info: driver.version: ChromeDriver
remote stacktrace: Backtrace:
	GetHandleVerifier [0x0054B963+483]
	GetHandleVerifier [0x0054B941+449]
	GetHandleVerifier [0x008F3308+3832712]
	GetHandleVerifier [0x008E8314+3787668]
	GetHandleVerifier [0x008E8028+3786920]
	GetHandleVerifier [0x008E76CD+3784525]
	GetHandleVerifier [0x008E6A47+3781319]
	GetHandleVerifier [0x008E6E36+3782326]
	GetHandleVerifier [0x008E6765+3780581]
	GetHandleVerifier [0x008EFB21+3818401]
	GetHandleVerifier [0x008E6721+3780513]
	GetHandleVerifier [0x008E74B2+3783986]
	GetHandleVerifier [0x008E6A47+3781319]
	GetHandleVerifier [0x008E6E36+3782326]
	GetHandleVerifier [0x008E6765+3780581]
	GetHandleVerifier [0x008EDF9C+3811356]
	GetHandleVerifier [0x008E6721+3780513]
	GetHandleVerifier [0x008E74B2+3783986]
	GetHandleVerifier [0x008E6A47+3781319]
	GetHandleVerifier [0x008E6E36+3782326]
	GetHandleVerifier [0x008E6765+3780581]
	GetHandleVerifier [0x008EC392+3804178]
	GetHandleVerifier [0x008E6721+3780513]
	GetHandleVerifier [0x008E74B2+3783986]
	GetHandleVerifier [0x008E6A47+3781319]
	GetHandleVerifier [0x008E6E36+3782326]
	GetHandleVerifier [0x008E6765+3780581]
	GetHandleVerifier [0x008EB655+3800789]
	GetHandleVerifier [0x008E6721+3780513]
	GetHandleVerifier [0x008E74B2+3783986]
	GetHandleVerifier [0x008E6A47+3781319]
	GetHandleVerifier [0x008E6E36+3782326]
	GetHandleVerifier [0x008E6765+3780581]
	GetHandleVerifier [0x008E2F46+3766214]
	GetHandleVerifier [0x008E6721+3780513]
	GetHandleVerifier [0x008E6543+3780035]
	GetHandleVerifier [0x008E6337+3779511]
	GetHandleVerifier [0x008F4540+3837376]
	GetHandleVerifier [0x0092F4BC+4078908]
	GetHandleVerifier [0x0092E56C+4074988]
	GetHandleVerifier [0x0092B2EB+4062059]
	GetHandleVerifier [0x0090ED14+3945876]
	GetHandleVerifier [0x0090FBCE+3949646]
	GetHandleVerifier [0x0090FB59+3949529]
	Ordinal0 [0x0050B5CC+46540]
	Ordinal0 [0x00509F53+40787]
	Ordinal0 [0x00509B12+39698]
	GetHandleVerifier [0x00811468+2907368]
	GetHandleVerifier [0x006571EE+1096302]
	GetHandleVerifier [0x00613E8D+821005]
	GetHandleVerifier [0x0061396B+819691]
	GetHandleVerifier [0x00613881+819457]
	GetHandleVerifier [0x0063F463+998627]
	BaseThreadInitThunk [0x75296359+25]
	RtlGetAppContainerNamedObjectPath [0x77528944+228]
	RtlGetAppContainerNamedObjectPath [0x77528914+180]
">
      <![CDATA[org.openqa.selenium.SessionNotCreatedException: session not created
from disconnected: received Inspector.detached event
  (Session info: chrome=88.0.4324.146)
Build info: version: '3.141.59', revision: 'e82be7d358', time: '2018-11-14T08:17:03'
System info: host: 'LAPTOP-384VAQ1D', ip: '192.168.56.1', os.name: 'Windows 10', os.arch: 'amd64', os.version: '10.0', java.version: '1.8.0_271'
Driver info: driver.version: ChromeDriver
remote stacktrace: Backtrace:
GetHandleVerifier [0x0054B963+483]
GetHandleVerifier [0x0054B941+449]
GetHandleVerifier [0x008F3308+3832712]
GetHandleVerifier [0x008E8314+3787668]
GetHandleVerifier [0x008E8028+3786920]
GetHandleVerifier [0x008E76CD+3784525]
GetHandleVerifier [0x008E6A47+3781319]
GetHandleVerifier [0x008E6E36+3782326]
GetHandleVerifier [0x008E6765+3780581]
GetHandleVerifier [0x008EFB21+3818401]
GetHandleVerifier [0x008E6721+3780513]
GetHandleVerifier [0x008E74B2+3783986]
GetHandleVerifier [0x008E6A47+3781319]
GetHandleVerifier [0x008E6E36+3782326]
GetHandleVerifier [0x008E6765+3780581]
GetHandleVerifier [0x008EDF9C+3811356]
GetHandleVerifier [0x008E6721+3780513]
GetHandleVerifier [0x008E74B2+3783986]
GetHandleVerifier [0x008E6A47+3781319]
GetHandleVerifier [0x008E6E36+3782326]
GetHandleVerifier [0x008E6765+3780581]
GetHandleVerifier [0x008EC392+3804178]
GetHandleVerifier [0x008E6721+3780513]
GetHandleVerifier [0x008E74B2+3783986]
GetHandleVerifier [0x008E6A47+3781319]
GetHandleVerifier [0x008E6E36+3782326]
GetHandleVerifier [0x008E6765+3780581]
GetHandleVerifier [0x008EB655+3800789]
GetHandleVerifier [0x008E6721+3780513]
GetHandleVerifier [0x008E74B2+3783986]
GetHandleVerifier [0x008E6A47+3781319]
GetHandleVerifier [0x008E6E36+3782326]
GetHandleVerifier [0x008E6765+3780581]
GetHandleVerifier [0x008E2F46+3766214]
GetHandleVerifier [0x008E6721+3780513]
GetHandleVerifier [0x008E6543+3780035]
GetHandleVerifier [0x008E6337+3779511]
GetHandleVerifier [0x008F4540+3837376]
GetHandleVerifier [0x0092F4BC+4078908]
GetHandleVerifier [0x0092E56C+4074988]
GetHandleVerifier [0x0092B2EB+4062059]
GetHandleVerifier [0x0090ED14+3945876]
GetHandleVerifier [0x0090FBCE+3949646]
GetHandleVerifier [0x0090FB59+3949529]
Ordinal0 [0x0050B5CC+46540]
Ordinal0 [0x00509F53+40787]
Ordinal0 [0x00509B12+39698]
GetHandleVerifier [0x00811468+2907368]
GetHandleVerifier [0x006571EE+1096302]
GetHandleVerifier [0x00613E8D+821005]
GetHandleVerifier [0x0061396B+819691]
GetHandleVerifier [0x00613881+819457]
GetHandleVerifier [0x0063F463+998627]
BaseThreadInitThunk [0x75296359+25]
RtlGetAppContainerNamedObjectPath [0x77528944+228]
RtlGetAppContainerNamedObjectPath [0x77528914+180]

at sun.reflect.NativeConstructorAccessorImpl.newInstance0(Native Method)
at sun.reflect.NativeConstructorAccessorImpl.newInstance(Unknown Source)
at sun.reflect.DelegatingConstructorAccessorImpl.newInstance(Unknown Source)
at java.lang.reflect.Constructor.newInstance(Unknown Source)
at org.openqa.selenium.remote.W3CHandshakeResponse.lambda$errorHandler$0(W3CHandshakeResponse.java:62)
at org.openqa.selenium.remote.HandshakeResponse.lambda$getResponseFunction$0(HandshakeResponse.java:30)
at org.openqa.selenium.remote.ProtocolHandshake.lambda$createSession$0(ProtocolHandshake.java:126)
at java.util.stream.ReferencePipeline$3$1.accept(Unknown Source)
at java.util.Spliterators$ArraySpliterator.tryAdvance(Unknown Source)
at java.util.stream.ReferencePipeline.forEachWithCancel(Unknown Source)
at java.util.stream.AbstractPipeline.copyIntoWithCancel(Unknown Source)
at java.util.stream.AbstractPipeline.copyInto(Unknown Source)
at java.util.stream.AbstractPipeline.wrapAndCopyInto(Unknown Source)
at java.util.stream.FindOps$FindOp.evaluateSequential(Unknown Source)
at java.util.stream.AbstractPipeline.evaluate(Unknown Source)
at java.util.stream.ReferencePipeline.findFirst(Unknown Source)
at org.openqa.selenium.remote.ProtocolHandshake.createSession(ProtocolHandshake.java:128)
at org.openqa.selenium.remote.ProtocolHandshake.createSession(ProtocolHandshake.java:74)
at org.openqa.selenium.remote.HttpCommandExecutor.execute(HttpCommandExecutor.java:136)
at org.openqa.selenium.remote.service.DriverCommandExecutor.execute(DriverCommandExecutor.java:83)
at org.openqa.selenium.remote.RemoteWebDriver.execute(RemoteWebDriver.java:552)
at org.openqa.selenium.remote.RemoteWebDriver.startSession(RemoteWebDriver.java:213)
at org.openqa.selenium.remote.RemoteWebDriver.<init>(RemoteWebDriver.java:131)
at org.openqa.selenium.chrome.ChromeDriver.<init>(ChromeDriver.java:181)
at org.openqa.selenium.chrome.ChromeDriver.<init>(ChromeDriver.java:168)
at org.openqa.selenium.chrome.ChromeDriver.<init>(ChromeDriver.java:123)
at test.com.DataDrivenTest.bmicalculator(DataDrivenTest.java:15)
at sun.reflect.NativeMethodAccessorImpl.invoke0(Native Method)
at sun.reflect.NativeMethodAccessorImpl.invoke(Unknown Source)
at sun.reflect.DelegatingMethodAccessorImpl.invoke(Unknown Source)
at java.lang.reflect.Method.invoke(Unknown Source)
at org.testng.internal.MethodInvocationHelper.invokeMethod(MethodInvocationHelper.java:124)
at org.testng.internal.Invoker.invokeMethod(Invoker.java:583)
at org.testng.internal.Invoker.invokeTestMethod(Invoker.java:719)
at org.testng.internal.Invoker.invokeTestMethods(Invoker.java:989)
at org.testng.internal.TestMethodWorker.invokeTestMethods(TestMethodWorker.java:125)
at org.testng.internal.TestMethodWorker.run(TestMethodWorker.java:109)
at org.testng.TestRunner.privateRun(TestRunner.java:648)
at org.testng.TestRunner.run(TestRunner.java:505)
at org.testng.SuiteRunner.runTest(SuiteRunner.java:455)
at org.testng.SuiteRunner.runSequentially(SuiteRunner.java:450)
at org.testng.SuiteRunner.privateRun(SuiteRunner.java:415)
at org.testng.SuiteRunner.run(SuiteRunner.java:364)
at org.testng.SuiteRunnerWorker.runSuite(SuiteRunnerWorker.java:52)
at org.testng.SuiteRunnerWorker.run(SuiteRunnerWorker.java:84)
at org.testng.TestNG.runSuitesSequentially(TestNG.java:1208)
at org.testng.TestNG.runSuitesLocally(TestNG.java:1137)
at org.testng.TestNG.runSuites(TestNG.java:1049)
at org.testng.TestNG.run(TestNG.java:1017)
at org.testng.remote.AbstractRemoteTestNG.run(AbstractRemoteTestNG.java:132)
at org.testng.remote.RemoteTestNG.initAndRun(RemoteTestNG.java:230)
at org.testng.remote.RemoteTestNG.main(RemoteTestNG.java:76)
]]>
    </error>
  </testcase> <!-- bmicalculator -->
  <testcase name="bmicalculator" time="9.766" classname="test.com.DataDrivenTest"/>
  <testcase name="bmicalculator" time="10.917" classname="test.com.DataDrivenTest"/>
</testsuite> <!-- test.com.DataDrivenTest -->
