<?xml version="1.0" encoding="UTF-8"?>
<!-- Generated by org.testng.reporters.JUnitReportReporter -->
<testsuite skipped="0" hostname="LAPTOP-384VAQ1D" name="PracticeOfSelenium.TestNGMoreCases" tests="2" failures="0" timestamp="12 Feb 2021 02:23:10 GMT" time="0.019" errors="0">
  <testcase name="regist" time="0.010" classname="PracticeOfSelenium.TestNGMoreCases"/>
  <testcase name="register" time="0.009" classname="PracticeOfSelenium.TestNGMoreCases"/>
</testsuite> <!-- PracticeOfSelenium.TestNGMoreCases -->
