<?xml version="1.0" encoding="UTF-8"?>
<!-- Generated by org.testng.reporters.JUnitReportReporter -->
<testsuite skipped="0" hostname="LAPTOP-384VAQ1D" name="test.com.TestNGMore" tests="5" failures="0" timestamp="12 Feb 2021 02:20:44 GMT" time="12.035" errors="0">
  <testcase name="SearchAuto" time="0.002" classname="test.com.TestNGMore"/>
  <testcase name="GetAuto" time="0.021" classname="test.com.TestNGMore"/>
  <testcase name="regiter" time="0.000" classname="test.com.TestNGMore"/>
  <testcase name="Login" time="0.002" classname="test.com.TestNGMore"/>
  <testcase name="setupchromedriver" time="12.010" classname="test.com.TestNGMore"/>
</testsuite> <!-- test.com.TestNGMore -->
